epoch,loss,lr,mse,val_loss,val_mse
0,0.07268005609512329,1e-04,0.061043303459882736,0.05708105489611626,0.04260717332363129
1,0.048098497092723846,1e-04,0.04269270971417427,0.04787001758813858,0.040652982890605927
2,0.04076683521270752,1e-04,0.034161489456892014,0.027655944228172302,0.01598658598959446
3,0.015028860419988632,1e-04,0.0028984290547668934,0.01344540435820818,0.0012437461409717798
4,0.011375749483704567,1e-04,0.0013439605245366693,0.009905428625643253,0.0010780761949717999
5,0.01025532465428114,1e-04,0.0011447914876043797,0.009205233305692673,0.0008449906599707901
6,0.009676912799477577,1e-04,0.0010286024771630764,0.009912531822919846,0.0007586999563500285
7,0.00913140457123518,1e-04,0.0009230535943061113,0.011277241632342339,0.0007636552327312529
8,0.008631514385342598,1e-04,0.000858790532220155,0.006528087425976992,0.0007838365854695439
9,0.008298855274915695,1e-04,0.0008025644929148257,0.01283776480704546,0.0007852512062527239
10,0.007969222962856293,1e-04,0.0007391098770312965,0.006062595173716545,0.0005825220723636448
11,0.00762874074280262,1e-04,0.000605897803325206,0.00976382102817297,0.0005626321653835475
12,0.0071018957532942295,1e-04,0.0004306418413762003,0.0117290448397398,0.0005247686058282852
13,0.0068266745656728745,1e-04,0.0003625925746746361,0.005209996830672026,0.0003450510266702622
14,0.006567840464413166,1e-04,0.00032721960451453924,0.007437594700604677,0.0003545640502125025
15,0.006448118481785059,1e-04,0.00029499983065761626,0.00785763654857874,0.0006694889743812382
16,0.006230517756193876,1e-04,0.0002746133250184357,0.00969927478581667,0.0006988126551732421
17,0.006026984192430973,1e-04,0.000254934566328302,0.009669107384979725,0.0004517227644100785
18,0.005942546296864748,1e-04,0.00023820590286049992,0.0067646498791873455,0.0004274052625987679
19,0.005924352444708347,1e-04,0.00022218594676814973,0.006789052858948708,0.0006183637888170779
20,0.005707123316824436,1e-04,0.00022439386521000415,0.007730552460998297,0.0003795428783632815
21,0.00560729717835784,1e-04,0.00021517652203328907,0.007697471883147955,0.0005822675884701312
22,0.005495128221809864,1e-04,0.00020276772556826472,0.00669592060148716,0.0003633327141869813
23,0.005488620139658451,1e-04,0.00019128964049741626,0.00651925103738904,0.0006303947884589434
24,0.005311253014951944,1e-04,0.00018078170251101255,0.006212988868355751,0.00031689120805822313
25,0.0052599068731069565,1e-04,0.00017519299581181258,0.005753600504249334,0.00037365741445682943
26,0.005237061996012926,1e-04,0.00016983940440695733,0.00788930431008339,0.0003786116431001574
27,0.005121683701872826,1e-04,0.0001613694039406255,0.0074389963410794735,0.00041094303014688194
28,0.004988373257219791,1e-04,0.00015464892203453928,0.007044404279440641,0.000372976966900751
29,0.004887689370661974,1e-04,0.00014453750918619335,0.004538978450000286,0.00025270995683968067
30,0.004995734430849552,1e-04,0.00015137650188989937,0.007883526384830475,0.00048295935266651213
31,0.004872135352343321,1e-04,0.00014431604358833283,0.006243494804948568,0.0004903778899461031
32,0.0048226164653897285,1e-04,0.00013933451555203646,0.005493549630045891,0.0001455198071198538
33,0.002803314011543989,5e-05,5.900475662201643e-05,0.0038353847339749336,7.406404620269313e-05
34,0.00273261871188879,5e-05,5.388561839936301e-05,0.003282191464677453,0.00017515341460239142
35,0.0027305707335472107,5e-05,5.267872984404676e-05,0.0026297650765627623,6.908278737682849e-05
36,0.0027030552737414837,5e-05,5.1165279728593305e-05,0.0033696505706757307,0.00013223155110608786
37,0.0027038422413170338,5e-05,5.229793532635085e-05,0.0030475289095193148,9.526737994747236e-05
38,0.0026432217564433813,5e-05,4.8659563617547974e-05,0.0038327074144035578,0.00015779287787154317
39,0.002659223275259137,5e-05,4.9399481213185936e-05,0.003791211871430278,8.693547715665773e-05
40,0.0017690671375021338,2.5e-05,2.5628718503867276e-05,0.0021157744340598583,2.2225711290957406e-05
41,0.0017202745657414198,2.5e-05,2.252044214401394e-05,0.0020076155196875334,2.0245244741090573e-05
42,0.001708991825580597,2.5e-05,2.165938167308923e-05,0.00203415984287858,1.9641358449007384e-05
43,0.0016955973114818335,2.5e-05,2.2581998564419337e-05,0.0022094736341387033,2.0748622773680836e-05
44,0.0013427316443994641,1.25e-05,1.3546847185352817e-05,0.0016106697730720043,1.959832115971949e-05
45,0.0013188674347475171,1.25e-05,1.2645460628846195e-05,0.0016421701293438673,1.893532862595748e-05
46,0.001304101082496345,1.25e-05,1.1932805136893876e-05,0.0016003656201064587,1.7345759260933846e-05
47,0.001291255233809352,1.25e-05,1.1761492714867927e-05,0.00161003100220114,1.5893987438175827e-05
48,0.0011600267607718706,6.25e-06,9.689081707620062e-06,0.0014616224216297269,1.8249509594170377e-05
49,0.0011465114075690508,6.25e-06,9.156746273220051e-06,0.001448486465960741,1.7767473764251918e-05
50,0.0011360388016328216,6.25e-06,8.85655390447937e-06,0.0014379770727828145,1.730761505314149e-05
51,0.001126483897678554,6.25e-06,8.606596566096414e-06,0.0014398947823792696,1.74546948983334e-05
52,0.0010671793716028333,3.125e-06,7.830161848687567e-06,0.0011153094237670302,2.1301266315276735e-05
53,0.0010600248351693153,3.125e-06,7.636069312866312e-06,0.0011091161286458373,2.0908029910060577e-05
54,0.0010543187381699681,3.125e-06,7.4876684266200755e-06,0.0011030297027900815,2.034557292063255e-05
55,0.0010487091494724154,3.125e-06,7.3402406997047365e-06,0.0011009015142917633,2.0238090655766428e-05
56,0.001043936936184764,3.125e-06,7.2181865107268095e-06,0.001098625361919403,2.0332083295215853e-05
57,0.0010147838620468974,1.5625e-06,6.926719834154937e-06,0.0010548071004450321,1.7372429283568636e-05
58,0.0010109746363013983,1.5625e-06,6.8118351919110864e-06,0.0010505684185773134,1.7101581761380658e-05
59,0.001007974031381309,1.5625e-06,6.73555541652604e-06,0.0010472378926351666,1.6960144421318546e-05
60,0.0009934717090800405,7.8125e-07,6.660318376816576e-06,0.0010044998489320278,1.4965055015636608e-05
61,0.0009910245425999165,7.8125e-07,6.571585799974855e-06,0.0010014954023063183,1.4735519471287262e-05
62,0.000989316264167428,7.8125e-07,6.524562195409089e-06,0.0009993177372962236,1.4571121937478893e-05
