epoch,loss,lr,mse,val_loss,val_mse
0,0.05430108681321144,1e-04,0.028720328584313393,0.053209275007247925,0.017990371212363243
1,0.03205958381295204,1e-04,0.015682898461818695,0.05034935846924782,0.016612932085990906
2,0.021871300414204597,1e-04,0.011393284425139427,0.02287895604968071,0.009818607941269875
3,0.016464699059724808,1e-04,0.009595896117389202,0.01632901281118393,0.008930712938308716
4,0.014149359427392483,1e-04,0.007659837603569031,0.013709558174014091,0.0067735761404037476
5,0.012192673981189728,1e-04,0.0056994203478097916,0.013010009191930294,0.0027666285168379545
6,0.009304782375693321,1e-04,0.002530020195990801,0.009638970717787743,0.002359607256948948
7,0.008518335409462452,1e-04,0.0023665933404117823,0.00915592536330223,0.002154052257537842
8,0.007314618676900864,1e-04,0.000943755847401917,0.01052324753254652,0.00023993192007765174
9,0.006371393334120512,1e-04,0.00015685184916947037,0.007013457827270031,0.00011408168938942254
10,0.006116481497883797,1e-04,0.00013836429570801556,0.007082074414938688,0.00010788471990963444
11,0.005863846745342016,1e-04,0.00012249074643477798,0.008889298886060715,0.00016216858057305217
12,0.005707938224077225,1e-04,0.00011385473771952093,0.007503875065594912,0.00012300135858822614
13,0.005474303383380175,1e-04,0.00010701048449845985,0.00539490208029747,8.420458470936865e-05
14,0.005340614356100559,1e-04,9.948026126949117e-05,0.0047121779061853886,5.99023187533021e-05
15,0.005194228142499924,1e-04,9.341518307337537e-05,0.007480394095182419,0.00011559527047211304
16,0.005030384287238121,1e-04,8.711551345186308e-05,0.005931205581873655,7.790295785525814e-05
17,0.004953335504978895,1e-04,8.36612525745295e-05,0.005269929300993681,6.715503695886582e-05
18,0.004761564079672098,1e-04,7.745066977804527e-05,0.005150946788489819,6.188099359860644e-05
19,0.004652044735848904,1e-04,7.0770169259049e-05,0.005840181838721037,7.284684397745878e-05
20,0.004665753338485956,1e-04,7.314868707908317e-05,0.007380999159067869,0.00010163527622353286
21,0.0045738741755485535,1e-04,6.967520312173292e-05,0.003979500383138657,4.515933324000798e-05
22,0.004494076129049063,1e-04,6.865964678581804e-05,0.004256288055330515,4.9479640438221395e-05
23,0.004424016457051039,1e-04,6.396757817128673e-05,0.005353518296033144,6.282777758315206e-05
24,0.004291021730750799,1e-04,6.029882933944464e-05,0.006388263776898384,8.010342571651563e-05
25,0.004237652290612459,1e-04,5.812890958623029e-05,0.003913912922143936,4.04797938244883e-05
26,0.004194098990410566,1e-04,5.692213380825706e-05,0.0037763183936476707,3.369063415448181e-05
27,0.004137183539569378,1e-04,5.5483764299424365e-05,0.0031470025423914194,2.9667473427252844e-05
28,0.004037579521536827,1e-04,5.370630242396146e-05,0.00431020837277174,4.321878441260196e-05
29,0.004058309365063906,1e-04,5.341820724424906e-05,0.004849792458117008,5.6202094128821045e-05
30,0.004030456766486168,1e-04,5.2545885409926996e-05,0.003938272129744291,3.4864839108195156e-05
31,0.003917372319847345,1e-04,4.932705996907316e-05,0.006175942253321409,7.846397784305736e-05
32,0.0038812935817986727,1e-04,4.879856714978814e-05,0.0033071243669837713,3.012164779647719e-05
33,0.0038770500104874372,1e-04,4.9912316171685234e-05,0.0037566199898719788,3.6955771065549925e-05
34,0.003794447286054492,1e-04,4.708099004346877e-05,0.0032630094792693853,2.7449677872937173e-05
35,0.0037662708200514317,1e-04,4.658760008169338e-05,0.007074349094182253,9.9095435871277e-05
36,0.003722449764609337,1e-04,4.496149631449953e-05,0.0032547363080084324,3.233973620808683e-05
37,0.003681618021801114,1e-04,4.551004167296924e-05,0.00362956989556551,3.3213989809155464e-05
38,0.003662596456706524,1e-04,4.272764635970816e-05,0.003960276022553444,3.6278608604334295e-05
39,0.0035980185493826866,1e-04,4.111557063879445e-05,0.003729333635419607,3.283103433204815e-05
40,0.0036562043242156506,1e-04,4.295541293686256e-05,0.005304764024913311,6.074329212424345e-05
41,0.0019799701403826475,5e-05,1.3705722267332021e-05,0.0021043624728918076,1.3405997378868051e-05
42,0.001966959796845913,5e-05,1.3612590919365175e-05,0.0030511703807860613,1.930697362695355e-05
43,0.0019627076108008623,5e-05,1.3634814422402997e-05,0.002191313309594989,1.263219201064203e-05
44,0.0019459741888567805,5e-05,1.3126001249474939e-05,0.00249677337706089,1.6136313206516206e-05
45,0.0012236367911100388,2.5e-05,6.15342969467747e-06,0.0014177977573126554,6.274293809838127e-06
46,0.0012114581186324358,2.5e-05,5.8820764934353065e-06,0.0013192214537411928,5.879514446860412e-06
47,0.0011939399410039186,2.5e-05,5.66066682949895e-06,0.001366394804790616,5.803022304462502e-06
48,0.0011803882662206888,2.5e-05,5.471069925988559e-06,0.0014632876263931394,6.382765604939777e-06
49,0.0008991596405394375,1.25e-05,3.7290583350113593e-06,0.0014095113147050142,5.379024059948279e-06
50,0.0008845178526826203,1.25e-05,3.6083492886973545e-06,0.00139804114587605,5.2643481467384845e-06
51,0.0008754380978643894,1.25e-05,3.516531023706193e-06,0.0013864283682778478,5.151043296791613e-06
52,0.0008700890466570854,1.25e-05,3.4479492114769528e-06,0.00146475771907717,5.5467271522502415e-06
53,0.0007568236324004829,6.25e-06,2.8863591978733893e-06,0.0009311242611147463,3.237352530049975e-06
54,0.0007497721817344427,6.25e-06,2.8208130515849916e-06,0.0009010119829326868,3.1261358799383743e-06
55,0.0007426899974234402,6.25e-06,2.7688065529218875e-06,0.0009017226984724402,3.0873436571710045e-06
56,0.000736848043743521,6.25e-06,2.7295113795844372e-06,0.0008998383418656886,3.040847104784916e-06
57,0.0006976817967370152,3.125e-06,2.5403016934433253e-06,0.0007679763366468251,2.601282176328823e-06
58,0.0006928756483830512,3.125e-06,2.5048557290574536e-06,0.0007600310491397977,2.552817477408098e-06
59,0.0006894445978105068,3.125e-06,2.4809935439407127e-06,0.0007542638340964913,2.518341943869018e-06
60,0.0006727624568156898,1.5625e-06,2.4045257305260748e-06,0.0007312913076020777,2.3597247036377667e-06
61,0.0006696382188238204,1.5625e-06,2.3849231638450874e-06,0.000725871417671442,2.3333025183092104e-06
62,0.000667564629111439,1.5625e-06,2.3714660528639797e-06,0.0007220384432002902,2.3142397367337253e-06
